  ScanConvert.cpp
c:\users\tunc gocay\documents\visual studio 2015\projects\polygon_rasterization\ScanConvert.h(47): warning C4553: '==': operator has no effect; did you intend '='?
c:\users\tunc gocay\documents\visual studio 2015\projects\polygon_rasterization\ScanConvert.h(48): warning C4553: '==': operator has no effect; did you intend '='?
c:\users\tunc gocay\documents\visual studio 2015\projects\polygon_rasterization\ScanConvert.h(49): warning C4553: '==': operator has no effect; did you intend '='?
c:\users\tunc gocay\documents\visual studio 2015\projects\polygon_rasterization\ScanConvert.h(52): warning C4553: '==': operator has no effect; did you intend '='?
c:\users\tunc gocay\documents\visual studio 2015\projects\polygon_rasterization\ScanConvert.h(53): warning C4553: '==': operator has no effect; did you intend '='?
c:\users\tunc gocay\documents\visual studio 2015\projects\polygon_rasterization\ScanConvert.h(54): warning C4553: '==': operator has no effect; did you intend '='?
..\ScanConvert.cpp(128): warning C4244: '=': conversion from 'double' to 'int', possible loss of data
..\ScanConvert.cpp(129): warning C4244: '=': conversion from 'double' to 'int', possible loss of data
..\ScanConvert.cpp(212): warning C4244: 'initializing': conversion from 'double' to 'float', possible loss of data
..\ScanConvert.cpp(223): warning C4244: '=': conversion from 'double' to 'float', possible loss of data
..\ScanConvert.cpp(224): warning C4244: '=': conversion from 'double' to 'float', possible loss of data
..\ScanConvert.cpp(225): warning C4244: '=': conversion from 'double' to 'float', possible loss of data
..\ScanConvert.cpp(441): warning C4018: '<': signed/unsigned mismatch
..\ScanConvert.cpp(444): warning C4018: '<': signed/unsigned mismatch
  Generating code
  11 of 833 functions ( 1.3%) were compiled, the rest were copied from previous compilation.
    0 functions were new in current compilation
    0 functions had inline decision re-evaluated but remain unchanged
  Finished generating code
  Polygon_Rasterization.vcxproj -> C:\Users\Tunc Gocay\Documents\Visual Studio 2015\Projects\Polygon_Rasterization\Release\Polygon_Rasterization.exe
  Polygon_Rasterization.vcxproj -> C:\Users\Tunc Gocay\Documents\Visual Studio 2015\Projects\Polygon_Rasterization\Release\Polygon_Rasterization.pdb (Full PDB)
